
2024/2/1, 02:10:18 - ERROR: Download of "https://events.framer.com/script", referred from "/Users/eyrefree/Downloads/us.sitesucker.mac.sitesucker/swiftgg24.framer.ai/index.html", failed with error code -1200 (An SSL error has occurred and a secure connection to the server cannot be made.)
2024/2/1, 02:10:50 - ERROR: Download of "https://events.framer.com/script", referred from "/Users/eyrefree/Downloads/us.sitesucker.mac.sitesucker/swiftgg24.framer.ai/CodeOfConduct.html", failed with error code -1200 (An SSL error has occurred and a secure connection to the server cannot be made.)
2024/2/1, 02:10:50 - ERROR: Download of "https://events.framer.com/script", referred from "/Users/eyrefree/Downloads/us.sitesucker.mac.sitesucker/swiftgg24.framer.ai/PrivacyPolicy.html", failed with error code -1200 (An SSL error has occurred and a secure connection to the server cannot be made.)

---------------------

2024/2/1, 02:11:12 - ERROR: Download of "https://events.framer.com/script", referred from "/Users/eyrefree/Downloads/us.sitesucker.mac.sitesucker/swiftgg24.framer.ai/home-zh.html", failed with error code -1200 (An SSL error has occurred and a secure connection to the server cannot be made.)
2024/2/1, 02:11:21 - ERROR: Download of "https://events.framer.com/script", referred from "/Users/eyrefree/Downloads/us.sitesucker.mac.sitesucker/swiftgg24.framer.ai/CodeOfConduct-zh.html", failed with error code -1200 (An SSL error has occurred and a secure connection to the server cannot be made.)
2024/2/1, 02:11:21 - ERROR: Download of "https://events.framer.com/script", referred from "/Users/eyrefree/Downloads/us.sitesucker.mac.sitesucker/swiftgg24.framer.ai/PrivacyPolicy-zh.html", failed with error code -1200 (An SSL error has occurred and a secure connection to the server cannot be made.)

---------------------

2024/2/1, 02:12:22 - ERROR: Download of "https://events.framer.com/script", referred from "/Users/eyrefree/Downloads/us.sitesucker.mac.sitesucker/swiftgg24.framer.ai/home-zh.html", failed with error code -1200 (An SSL error has occurred and a secure connection to the server cannot be made.)
2024/2/1, 02:12:28 - ERROR: Download of "https://events.framer.com/script", referred from "/Users/eyrefree/Downloads/us.sitesucker.mac.sitesucker/swiftgg24.framer.ai/PrivacyPolicy-zh.html", failed with error code -1200 (An SSL error has occurred and a secure connection to the server cannot be made.)
2024/2/1, 02:12:28 - ERROR: Download of "https://events.framer.com/script", referred from "/Users/eyrefree/Downloads/us.sitesucker.mac.sitesucker/swiftgg24.framer.ai/CodeOfConduct-zh.html", failed with error code -1200 (An SSL error has occurred and a secure connection to the server cannot be made.)

---------------------

2024/2/1, 02:12:54 - ERROR: Download of "https://events.framer.com/script", referred from "/Users/eyrefree/Downloads/us.sitesucker.mac.sitesucker/swiftgg24.framer.ai/index.html", failed with error code -1200 (An SSL error has occurred and a secure connection to the server cannot be made.)
2024/2/1, 02:13:00 - ERROR: Download of "https://events.framer.com/script", referred from "/Users/eyrefree/Downloads/us.sitesucker.mac.sitesucker/swiftgg24.framer.ai/CodeOfConduct.html", failed with error code -1200 (An SSL error has occurred and a secure connection to the server cannot be made.)
2024/2/1, 02:13:00 - ERROR: Download of "https://events.framer.com/script", referred from "/Users/eyrefree/Downloads/us.sitesucker.mac.sitesucker/swiftgg24.framer.ai/PrivacyPolicy.html", failed with error code -1200 (An SSL error has occurred and a secure connection to the server cannot be made.)

---------------------

2024/2/26, 00:04:00 - ERROR: Download of "https://events.framer.com/script", referred from "/Users/eyrefree/Downloads/us.sitesucker.mac.sitesucker/swiftgg24.framer.ai/index.html", failed with error code -1200 (An SSL error has occurred and a secure connection to the server cannot be made.)
2024/2/26, 00:05:07 - ERROR: Download of "https://events.framer.com/script", referred from "/Users/eyrefree/Downloads/us.sitesucker.mac.sitesucker/swiftgg24.framer.ai/CodeOfConduct.html", failed with error code -1200 (An SSL error has occurred and a secure connection to the server cannot be made.)
2024/2/26, 00:05:07 - ERROR: Download of "https://events.framer.com/script", referred from "/Users/eyrefree/Downloads/us.sitesucker.mac.sitesucker/swiftgg24.framer.ai/PrivacyPolicy.html", failed with error code -1200 (An SSL error has occurred and a secure connection to the server cannot be made.)

---------------------

2024/2/26, 00:05:53 - ERROR: Download of "https://events.framer.com/script", referred from "/Users/eyrefree/Downloads/us.sitesucker.mac.sitesucker/swiftgg24.framer.ai/home-zh.html", failed with error code -1200 (An SSL error has occurred and a secure connection to the server cannot be made.)
2024/2/26, 00:06:26 - ERROR: Download of "https://events.framer.com/script", referred from "/Users/eyrefree/Downloads/us.sitesucker.mac.sitesucker/swiftgg24.framer.ai/CodeOfConduct-zh.html", failed with error code -1200 (An SSL error has occurred and a secure connection to the server cannot be made.)
2024/2/26, 00:06:27 - ERROR: Download of "https://events.framer.com/script", referred from "/Users/eyrefree/Downloads/us.sitesucker.mac.sitesucker/swiftgg24.framer.ai/PrivacyPolicy-zh.html", failed with error code -1200 (An SSL error has occurred and a secure connection to the server cannot be made.)

---------------------

2024/2/26, 01:51:54 - ERROR: Download of "https://events.framer.com/script", referred from "/Users/eyrefree/Downloads/us.sitesucker.mac.sitesucker/swiftgg24.framer.ai/index.html", failed with error code -1200 (An SSL error has occurred and a secure connection to the server cannot be made.)
2024/2/26, 01:52:18 - ERROR: Download of "https://events.framer.com/script", referred from "/Users/eyrefree/Downloads/us.sitesucker.mac.sitesucker/swiftgg24.framer.ai/CodeOfConduct.html", failed with error code -1200 (An SSL error has occurred and a secure connection to the server cannot be made.)
2024/2/26, 01:52:19 - ERROR: Download of "https://events.framer.com/script", referred from "/Users/eyrefree/Downloads/us.sitesucker.mac.sitesucker/swiftgg24.framer.ai/PrivacyPolicy.html", failed with error code -1200 (An SSL error has occurred and a secure connection to the server cannot be made.)

---------------------

2024/2/26, 01:53:07 - ERROR: Download of "https://events.framer.com/script", referred from "/Users/eyrefree/Downloads/us.sitesucker.mac.sitesucker/swiftgg24.framer.ai/home-zh.html", failed with error code -1200 (An SSL error has occurred and a secure connection to the server cannot be made.)
2024/2/26, 01:53:32 - ERROR: Download of "https://events.framer.com/script", referred from "/Users/eyrefree/Downloads/us.sitesucker.mac.sitesucker/swiftgg24.framer.ai/CodeOfConduct-zh.html", failed with error code -1200 (An SSL error has occurred and a secure connection to the server cannot be made.)
2024/2/26, 01:53:33 - ERROR: Download of "https://events.framer.com/script", referred from "/Users/eyrefree/Downloads/us.sitesucker.mac.sitesucker/swiftgg24.framer.ai/PrivacyPolicy-zh.html", failed with error code -1200 (An SSL error has occurred and a secure connection to the server cannot be made.)

---------------------
